#! /usr/bin/vvp
:ivl_version "12.0 (stable)";
:ivl_delay_selection "TYPICAL";
:vpi_time_precision + 0;
:vpi_module "/usr/lib/x86_64-linux-gnu/ivl/system.vpi";
:vpi_module "/usr/lib/x86_64-linux-gnu/ivl/vhdl_sys.vpi";
:vpi_module "/usr/lib/x86_64-linux-gnu/ivl/vhdl_textio.vpi";
:vpi_module "/usr/lib/x86_64-linux-gnu/ivl/v2005_math.vpi";
:vpi_module "/usr/lib/x86_64-linux-gnu/ivl/va_math.vpi";
S_0x5d8ff9ec8490 .scope module, "srff_tb" "srff_tb" 2 1;
 .timescale 0 0;
v0x5d8ff9f198a0_0 .var "R", 0 0;
v0x5d8ff9f19960_0 .var "S", 0 0;
v0x5d8ff9f19a30_0 .var "clk", 0 0;
v0x5d8ff9f19b30_0 .net "q", 0 0, v0x5d8ff9f19630_0;  1 drivers
v0x5d8ff9f19c00_0 .var "reset", 0 0;
S_0x5d8ff9ec8620 .scope module, "dut" "srff" 2 5, 3 1 0, S_0x5d8ff9ec8490;
 .timescale 0 0;
    .port_info 0 /INPUT 1 "clk";
    .port_info 1 /INPUT 1 "S";
    .port_info 2 /INPUT 1 "R";
    .port_info 3 /INPUT 1 "reset";
    .port_info 4 /OUTPUT 1 "q";
v0x5d8ff9ec8820_0 .net "R", 0 0, v0x5d8ff9f198a0_0;  1 drivers
v0x5d8ff9f194a0_0 .net "S", 0 0, v0x5d8ff9f19960_0;  1 drivers
v0x5d8ff9f19560_0 .net "clk", 0 0, v0x5d8ff9f19a30_0;  1 drivers
v0x5d8ff9f19630_0 .var "q", 0 0;
v0x5d8ff9f196f0_0 .net "reset", 0 0, v0x5d8ff9f19c00_0;  1 drivers
E_0x5d8ff9f05c90 .event posedge, v0x5d8ff9f19560_0;
    .scope S_0x5d8ff9ec8620;
T_0 ;
    %wait E_0x5d8ff9f05c90;
    %load/vec4 v0x5d8ff9f196f0_0;
    %flag_set/vec4 8;
    %jmp/0xz  T_0.0, 8;
    %pushi/vec4 0, 0, 1;
    %assign/vec4 v0x5d8ff9f19630_0, 0;
    %jmp T_0.1;
T_0.0 ;
    %load/vec4 v0x5d8ff9f194a0_0;
    %load/vec4 v0x5d8ff9ec8820_0;
    %concat/vec4; draw_concat_vec4
    %dup/vec4;
    %pushi/vec4 2, 0, 2;
    %cmp/u;
    %jmp/1 T_0.2, 6;
    %dup/vec4;
    %pushi/vec4 1, 0, 2;
    %cmp/u;
    %jmp/1 T_0.3, 6;
    %load/vec4 v0x5d8ff9f19630_0;
    %assign/vec4 v0x5d8ff9f19630_0, 0;
    %jmp T_0.5;
T_0.2 ;
    %pushi/vec4 1, 0, 1;
    %assign/vec4 v0x5d8ff9f19630_0, 0;
    %jmp T_0.5;
T_0.3 ;
    %pushi/vec4 0, 0, 1;
    %assign/vec4 v0x5d8ff9f19630_0, 0;
    %jmp T_0.5;
T_0.5 ;
    %pop/vec4 1;
T_0.1 ;
    %jmp T_0;
    .thread T_0;
    .scope S_0x5d8ff9ec8490;
T_1 ;
    %vpi_call 2 8 "$dumpfile", "srff.vcd" {0 0 0};
    %vpi_call 2 9 "$dumpvars", 32'sb00000000000000000000000000000000, S_0x5d8ff9ec8490 {0 0 0};
    %end;
    .thread T_1;
    .scope S_0x5d8ff9ec8490;
T_2 ;
    %pushi/vec4 0, 0, 1;
    %store/vec4 v0x5d8ff9f19a30_0, 0, 1;
T_2.0 ;
    %delay 5, 0;
    %load/vec4 v0x5d8ff9f19a30_0;
    %inv;
    %store/vec4 v0x5d8ff9f19a30_0, 0, 1;
    %jmp T_2.0;
    %end;
    .thread T_2;
    .scope S_0x5d8ff9ec8490;
T_3 ;
    %delay 10, 0;
    %pushi/vec4 0, 0, 1;
    %store/vec4 v0x5d8ff9f19960_0, 0, 1;
    %pushi/vec4 0, 0, 1;
    %store/vec4 v0x5d8ff9f198a0_0, 0, 1;
    %pushi/vec4 0, 0, 1;
    %store/vec4 v0x5d8ff9f19c00_0, 0, 1;
    %vpi_call 2 19 "$monitor", "t = %2d, Clk = %b, S = %b, R = %b, Reset = %b, Q = %b", $time, v0x5d8ff9f19a30_0, v0x5d8ff9f19960_0, v0x5d8ff9f198a0_0, v0x5d8ff9f19c00_0, v0x5d8ff9f19b30_0 {0 0 0};
    %delay 15, 0;
    %pushi/vec4 1, 0, 1;
    %store/vec4 v0x5d8ff9f19960_0, 0, 1;
    %pushi/vec4 0, 0, 1;
    %store/vec4 v0x5d8ff9f198a0_0, 0, 1;
    %pushi/vec4 1, 0, 1;
    %store/vec4 v0x5d8ff9f19c00_0, 0, 1;
    %delay 10, 0;
    %pushi/vec4 1, 0, 1;
    %store/vec4 v0x5d8ff9f19960_0, 0, 1;
    %pushi/vec4 0, 0, 1;
    %store/vec4 v0x5d8ff9f198a0_0, 0, 1;
    %pushi/vec4 0, 0, 1;
    %store/vec4 v0x5d8ff9f19c00_0, 0, 1;
    %delay 10, 0;
    %pushi/vec4 0, 0, 1;
    %store/vec4 v0x5d8ff9f19960_0, 0, 1;
    %pushi/vec4 1, 0, 1;
    %store/vec4 v0x5d8ff9f198a0_0, 0, 1;
    %pushi/vec4 0, 0, 1;
    %store/vec4 v0x5d8ff9f19c00_0, 0, 1;
    %delay 10, 0;
    %pushi/vec4 1, 0, 1;
    %store/vec4 v0x5d8ff9f19960_0, 0, 1;
    %pushi/vec4 1, 0, 1;
    %store/vec4 v0x5d8ff9f198a0_0, 0, 1;
    %pushi/vec4 0, 0, 1;
    %store/vec4 v0x5d8ff9f19c00_0, 0, 1;
    %delay 10, 0;
    %pushi/vec4 1, 0, 1;
    %store/vec4 v0x5d8ff9f19960_0, 0, 1;
    %pushi/vec4 0, 0, 1;
    %store/vec4 v0x5d8ff9f198a0_0, 0, 1;
    %pushi/vec4 0, 0, 1;
    %store/vec4 v0x5d8ff9f19c00_0, 0, 1;
    %delay 20, 0;
    %vpi_call 2 25 "$finish" {0 0 0};
    %end;
    .thread T_3;
# The file index is used to find the file name in the following table.
:file_names 4;
    "N/A";
    "<interactive>";
    "SRFF_tb.v";
    "SRFF.v";
